0 info it worked if it ends with ok
1 verbose cli [ 'node', '/usr/bin/npm', 'run', 'setup' ]
2 info using npm@3.10.8
3 info using node@v0.12.16
4 verbose node symlink /usr/bin/node
5 verbose run-script [ 'presetup', 'setup', 'postsetup' ]
6 info lifecycle THEMENAME@~presetup: THEMENAME@
7 silly lifecycle THEMENAME@~presetup: no script for presetup, continuing
8 info lifecycle THEMENAME@~setup: THEMENAME@
9 verbose lifecycle THEMENAME@~setup: unsafe-perm in lifecycle true
10 verbose lifecycle THEMENAME@~setup: PATH: /usr/lib/node_modules/npm/bin/node-gyp-bin:/var/www/html/web/themes/custom/bactency/node_modules/.bin:/usr/local/sbin:/usr/local/bin:/usr/sbin:/usr/bin:/sbin:/bin
11 verbose lifecycle THEMENAME@~setup: CWD: /var/www/html/web/themes/custom/bactency
12 silly lifecycle THEMENAME@~setup: Args: [ '-c',
12 silly lifecycle   'npm install --no-bin-links && bower install --allow-root' ]
13 silly lifecycle THEMENAME@~setup: Returned: code: 7  signal: null
14 info lifecycle THEMENAME@~setup: Failed to exec setup script
15 verbose stack Error: THEMENAME@ setup: `npm install --no-bin-links && bower install --allow-root`
15 verbose stack Exit status 7
15 verbose stack     at EventEmitter.<anonymous> (/usr/lib/node_modules/npm/lib/utils/lifecycle.js:255:16)
15 verbose stack     at EventEmitter.emit (events.js:110:17)
15 verbose stack     at ChildProcess.<anonymous> (/usr/lib/node_modules/npm/lib/utils/spawn.js:40:14)
15 verbose stack     at ChildProcess.emit (events.js:110:17)
15 verbose stack     at maybeClose (child_process.js:1019:16)
15 verbose stack     at Process.ChildProcess._handle.onexit (child_process.js:1091:5)
16 verbose pkgid THEMENAME@
17 verbose cwd /var/www/html/web/themes/custom/bactency
18 error Linux 4.4.0-75-generic
19 error argv "node" "/usr/bin/npm" "run" "setup"
20 error node v0.12.16
21 error npm  v3.10.8
22 error code ELIFECYCLE
23 error THEMENAME@ setup: `npm install --no-bin-links && bower install --allow-root`
23 error Exit status 7
24 error Failed at the THEMENAME@ setup script 'npm install --no-bin-links && bower install --allow-root'.
24 error Make sure you have the latest version of node.js and npm installed.
24 error If you do, this is most likely a problem with the THEMENAME package,
24 error not with npm itself.
24 error Tell the author that this fails on your system:
24 error     npm install --no-bin-links && bower install --allow-root
24 error You can get information on how to open an issue for this project with:
24 error     npm bugs THEMENAME
24 error Or if that isn't available, you can get their info via:
24 error     npm owner ls THEMENAME
24 error There is likely additional logging output above.
25 verbose exit [ 1, true ]
